0 verbose cli [ '/usr/local/bin/node', '/usr/local/bin/npm', 'update' ]
1 info using npm@8.5.0
2 info using node@v16.14.2
3 timing npm:load:whichnode Completed in 0ms
4 timing config:load:defaults Completed in 1ms
5 timing config:load:file:/usr/local/lib/node_modules/npm/npmrc Completed in 1ms
6 timing config:load:builtin Completed in 1ms
7 timing config:load:cli Completed in 1ms
8 timing config:load:env Completed in 0ms
9 timing config:load:file:/.npmrc Completed in 1ms
10 timing config:load:project Completed in 6ms
11 timing config:load:file:/root/.npmrc Completed in 0ms
12 timing config:load:user Completed in 0ms
13 timing config:load:file:/usr/local/etc/npmrc Completed in 0ms
14 timing config:load:global Completed in 0ms
15 timing config:load:validate Completed in 0ms
16 timing config:load:credentials Completed in 1ms
17 timing config:load:setEnvs Completed in 1ms
18 timing config:load Completed in 11ms
19 timing npm:load:configload Completed in 11ms
20 timing npm:load:setTitle Completed in 0ms
21 timing config:load:flatten Completed in 2ms
22 timing npm:load:display Completed in 4ms
23 verbose logfile /root/.npm/_logs/2023-05-25T02_01_54_344Z-debug-0.log
24 timing npm:load:logFile Completed in 3ms
25 timing npm:load:timers Completed in 0ms
26 timing npm:load:configScope Completed in 0ms
27 timing npm:load Completed in 18ms
28 timing arborist:ctor Completed in 0ms
29 timing idealTree:init Completed in 11ms
30 timing idealTree:userRequests Completed in 0ms
31 silly idealTree buildDeps
32 timing idealTree Completed in 12ms
33 timing command:update Completed in 16ms
34 verbose stack Error: Tracker "idealTree" already exists
34 verbose stack     at Arborist.[_onError] (/usr/local/lib/node_modules/npm/node_modules/@npmcli/arborist/lib/tracker.js:107:11)
34 verbose stack     at Arborist.addTracker (/usr/local/lib/node_modules/npm/node_modules/@npmcli/arborist/lib/tracker.js:31:21)
34 verbose stack     at Arborist.[buildDeps] (/usr/local/lib/node_modules/npm/node_modules/@npmcli/arborist/lib/arborist/build-ideal-tree.js:798:10)
34 verbose stack     at Arborist.buildIdealTree (/usr/local/lib/node_modules/npm/node_modules/@npmcli/arborist/lib/arborist/build-ideal-tree.js:215:29)
34 verbose stack     at async Promise.all (index 1)
34 verbose stack     at async Arborist.reify (/usr/local/lib/node_modules/npm/node_modules/@npmcli/arborist/lib/arborist/reify.js:152:5)
34 verbose stack     at async Update.exec (/usr/local/lib/node_modules/npm/lib/commands/update.js:64:5)
34 verbose stack     at async module.exports (/usr/local/lib/node_modules/npm/lib/cli.js:66:5)
35 verbose cwd /
36 verbose Linux 5.19.0-42-generic
37 verbose argv "/usr/local/bin/node" "/usr/local/bin/npm" "update"
38 verbose node v16.14.2
39 verbose npm  v8.5.0
40 error Tracker "idealTree" already exists
41 verbose exit 1
42 timing npm Completed in 165ms
43 verbose unfinished npm timer reify 1684980114492
44 verbose unfinished npm timer reify:loadTrees 1684980114494
45 verbose unfinished npm timer idealTree:buildDeps 1684980114505
46 verbose code 1
47 error A complete log of this run can be found in:
47 error     /root/.npm/_logs/2023-05-25T02_01_54_344Z-debug-0.log
