0 verbose cli [
0 verbose cli   '/usr/local/bin/node',
0 verbose cli   '/usr/local/bin/npm',
0 verbose cli   'i',
0 verbose cli   '--save-dev',
0 verbose cli   'prisma@latest',
0 verbose cli   '│'
0 verbose cli ]
1 info using npm@8.5.0
2 info using node@v16.14.2
3 timing npm:load:whichnode Completed in 0ms
4 timing config:load:defaults Completed in 1ms
5 timing config:load:file:/usr/local/lib/node_modules/npm/npmrc Completed in 0ms
6 timing config:load:builtin Completed in 1ms
7 timing config:load:cli Completed in 1ms
8 timing config:load:env Completed in 0ms
9 timing config:load:file:/.npmrc Completed in 2ms
10 timing config:load:project Completed in 6ms
11 timing config:load:file:/root/.npmrc Completed in 0ms
12 timing config:load:user Completed in 0ms
13 timing config:load:file:/usr/local/etc/npmrc Completed in 0ms
14 timing config:load:global Completed in 0ms
15 timing config:load:validate Completed in 1ms
16 timing config:load:credentials Completed in 0ms
17 timing config:load:setEnvs Completed in 1ms
18 timing config:load Completed in 11ms
19 timing npm:load:configload Completed in 11ms
20 timing npm:load:setTitle Completed in 0ms
21 timing config:load:flatten Completed in 1ms
22 timing npm:load:display Completed in 3ms
23 verbose logfile /root/.npm/_logs/2023-05-25T02_13_35_255Z-debug-0.log
24 timing npm:load:logFile Completed in 3ms
25 timing npm:load:timers Completed in 0ms
26 timing npm:load:configScope Completed in 0ms
27 timing npm:load Completed in 19ms
28 timing arborist:ctor Completed in 0ms
29 silly logfile start cleaning logs, removing 1 files
30 timing idealTree:init Completed in 20ms
31 timing idealTree Completed in 27ms
32 timing command:i Completed in 33ms
33 verbose stack Error: Invalid tag name "│": Tags may not have any characters that encodeURIComponent encodes.
33 verbose stack     at invalidTagName (/usr/local/lib/node_modules/npm/node_modules/npm-package-arg/npa.js:89:15)
33 verbose stack     at fromRegistry (/usr/local/lib/node_modules/npm/node_modules/npm-package-arg/npa.js:343:13)
33 verbose stack     at resolve (/usr/local/lib/node_modules/npm/node_modules/npm-package-arg/npa.js:80:12)
33 verbose stack     at npa (/usr/local/lib/node_modules/npm/node_modules/npm-package-arg/npa.js:48:10)
33 verbose stack     at /usr/local/lib/node_modules/npm/node_modules/@npmcli/arborist/lib/arborist/build-ideal-tree.js:520:50
33 verbose stack     at Array.map (<anonymous>)
33 verbose stack     at Arborist.[add] (/usr/local/lib/node_modules/npm/node_modules/@npmcli/arborist/lib/arborist/build-ideal-tree.js:517:28)
33 verbose stack     at Arborist.[applyUserRequestsToNode] (/usr/local/lib/node_modules/npm/node_modules/@npmcli/arborist/lib/arborist/build-ideal-tree.js:488:23)
33 verbose stack     at Arborist.[applyUserRequests] (/usr/local/lib/node_modules/npm/node_modules/@npmcli/arborist/lib/arborist/build-ideal-tree.js:425:43)
33 verbose stack     at Arborist.buildIdealTree (/usr/local/lib/node_modules/npm/node_modules/@npmcli/arborist/lib/arborist/build-ideal-tree.js:214:37)
34 verbose cwd /
35 verbose Linux 5.19.0-42-generic
36 verbose argv "/usr/local/bin/node" "/usr/local/bin/npm" "i" "--save-dev" "prisma@latest" "│"
37 verbose node v16.14.2
38 verbose npm  v8.5.0
39 error code EINVALIDTAGNAME
40 error Invalid tag name "│": Tags may not have any characters that encodeURIComponent encodes.
41 verbose exit 1
42 timing npm Completed in 183ms
43 verbose unfinished npm timer reify 1684980815402
44 verbose unfinished npm timer reify:loadTrees 1684980815405
45 verbose unfinished npm timer idealTree:userRequests 1684980815427
46 verbose code 1
47 error A complete log of this run can be found in:
47 error     /root/.npm/_logs/2023-05-25T02_13_35_255Z-debug-0.log
