0 verbose cli [
0 verbose cli   '/usr/local/bin/node',
0 verbose cli   '/usr/local/bin/npm',
0 verbose cli   'install',
0 verbose cli   '@prisma/client@3.12.0'
0 verbose cli ]
1 info using npm@8.5.0
2 info using node@v16.14.2
3 timing npm:load:whichnode Completed in 1ms
4 timing config:load:defaults Completed in 1ms
5 timing config:load:file:/usr/local/lib/node_modules/npm/npmrc Completed in 1ms
6 timing config:load:builtin Completed in 1ms
7 timing config:load:cli Completed in 1ms
8 timing config:load:env Completed in 0ms
9 timing config:load:file:/.npmrc Completed in 2ms
10 timing config:load:project Completed in 6ms
11 timing config:load:file:/root/.npmrc Completed in 0ms
12 timing config:load:user Completed in 0ms
13 timing config:load:file:/usr/local/etc/npmrc Completed in 0ms
14 timing config:load:global Completed in 0ms
15 timing config:load:validate Completed in 1ms
16 timing config:load:credentials Completed in 1ms
17 timing config:load:setEnvs Completed in 0ms
18 timing config:load Completed in 12ms
19 timing npm:load:configload Completed in 12ms
20 timing npm:load:setTitle Completed in 0ms
21 timing config:load:flatten Completed in 2ms
22 timing npm:load:display Completed in 3ms
23 verbose logfile /root/.npm/_logs/2023-05-25T02_11_39_995Z-debug-0.log
24 timing npm:load:logFile Completed in 3ms
25 timing npm:load:timers Completed in 0ms
26 timing npm:load:configScope Completed in 0ms
27 timing npm:load Completed in 20ms
28 timing arborist:ctor Completed in 0ms
29 silly logfile start cleaning logs, removing 1 files
30 timing arborist:ctor Completed in 0ms
31 verbose shrinkwrap failed to load node_modules/.package-lock.json out of date, updated: node_modules
32 verbose shrinkwrap failed to load node_modules/.package-lock.json out of date, updated: node_modules
33 timing idealTree:init Completed in 23ms
34 timing idealTree:userRequests Completed in 2ms
35 silly idealTree buildDeps
36 silly fetch manifest @prisma/client@3.12.0
37 http fetch GET 200 https://registry.npmjs.org/@prisma%2fclient 1110ms (cache miss)
38 silly fetch manifest prisma@*
39 http fetch GET 200 https://registry.npmjs.org/prisma 444ms (cache miss)
40 silly placeDep ROOT @prisma/client@3.12.0 OK for: my-prisma-project@1.0.0 want: 3.12.0
41 silly fetch manifest @prisma/engines-version@3.12.0-37.22b822189f46ef0dc5c5b503368d1bee01213980
42 http fetch GET 200 https://registry.npmjs.org/@prisma%2fengines-version 1328ms (cache miss)
43 timing idealTree:#root Completed in 3085ms
44 silly placeDep ROOT @prisma/engines-version@3.12.0-37.22b822189f46ef0dc5c5b503368d1bee01213980 OK for: @prisma/client@3.12.0 want: 3.12.0-37.22b822189f46ef0dc5c5b503368d1bee01213980
45 timing idealTree:node_modules/@prisma/client Completed in 2ms
46 timing idealTree:node_modules/@prisma/engines-version Completed in 0ms
47 timing idealTree:buildDeps Completed in 3089ms
48 timing idealTree:fixDepFlags Completed in 0ms
49 timing idealTree Completed in 3115ms
50 timing reify:loadTrees Completed in 3116ms
51 timing reify:diffTrees Completed in 1ms
52 silly reify moves {}
53 timing reify:retireShallow Completed in 0ms
54 timing reify:createSparse Completed in 1ms
55 timing reify:loadBundles Completed in 0ms
56 silly audit bulk request {
56 silly audit   prisma: [ '3.12.0' ],
56 silly audit   '@prisma/engines': [ '3.12.0-37.22b822189f46ef0dc5c5b503368d1bee01213980' ],
56 silly audit   '@prisma/client': [ '3.12.0' ],
56 silly audit   '@prisma/engines-version': [ '3.12.0-37.22b822189f46ef0dc5c5b503368d1bee01213980' ]
56 silly audit }
57 silly tarball no local data for @prisma/engines-version@https://registry.npmjs.org/@prisma/engines-version/-/engines-version-3.12.0-37.22b822189f46ef0dc5c5b503368d1bee01213980.tgz. Extracting by manifest.
58 silly tarball no local data for @prisma/client@https://registry.npmjs.org/@prisma/client/-/client-3.12.0.tgz. Extracting by manifest.
59 http fetch POST 200 https://registry.npmjs.org/-/npm/v1/security/advisories/bulk 252ms
60 timing auditReport:getReport Completed in 253ms
61 silly audit report {}
62 timing auditReport:init Completed in 0ms
63 timing reify:audit Completed in 253ms
64 http fetch GET 200 https://registry.npmjs.org/@prisma/engines-version/-/engines-version-3.12.0-37.22b822189f46ef0dc5c5b503368d1bee01213980.tgz 338ms (cache miss)
65 timing reifyNode:node_modules/@prisma/engines-version Completed in 345ms
66 http fetch GET 200 https://registry.npmjs.org/@prisma/client/-/client-3.12.0.tgz 1026ms (cache miss)
67 timing reifyNode:node_modules/@prisma/client Completed in 1036ms
68 timing reify:unpack Completed in 1036ms
69 timing reify:unretire Completed in 0ms
70 timing build:queue Completed in 7ms
71 info run @prisma/client@3.12.0 postinstall node_modules/@prisma/client node scripts/postinstall.js
72 info run @prisma/client@3.12.0 postinstall { code: 0, signal: null }
73 timing build:run:postinstall:node_modules/@prisma/client Completed in 45ms
74 timing build:run:postinstall Completed in 45ms
75 timing build:deps Completed in 53ms
76 timing build Completed in 53ms
77 timing reify:build Completed in 54ms
78 timing reify:trash Completed in 0ms
79 timing reify:save Completed in 5ms
80 timing reify Completed in 4221ms
81 silly ADD node_modules/@prisma/engines-version
82 silly ADD node_modules/@prisma/client
83 timing command:install Completed in 4226ms
84 verbose exit 0
85 timing npm Completed in 4371ms
86 info ok
