0 verbose cli [
0 verbose cli   '/usr/local/bin/node',
0 verbose cli   '/usr/local/bin/npm',
0 verbose cli   'i',
0 verbose cli   '@prisma/client@lates'
0 verbose cli ]
1 info using npm@8.5.0
2 info using node@v16.14.2
3 timing npm:load:whichnode Completed in 0ms
4 timing config:load:defaults Completed in 1ms
5 timing config:load:file:/usr/local/lib/node_modules/npm/npmrc Completed in 0ms
6 timing config:load:builtin Completed in 0ms
7 timing config:load:cli Completed in 1ms
8 timing config:load:env Completed in 1ms
9 timing config:load:file:/.npmrc Completed in 0ms
10 timing config:load:project Completed in 6ms
11 timing config:load:file:/root/.npmrc Completed in 0ms
12 timing config:load:user Completed in 0ms
13 timing config:load:file:/usr/local/etc/npmrc Completed in 0ms
14 timing config:load:global Completed in 0ms
15 timing config:load:validate Completed in 0ms
16 timing config:load:credentials Completed in 1ms
17 timing config:load:setEnvs Completed in 1ms
18 timing config:load Completed in 11ms
19 timing npm:load:configload Completed in 12ms
20 timing npm:load:setTitle Completed in 0ms
21 timing config:load:flatten Completed in 2ms
22 timing npm:load:display Completed in 3ms
23 verbose logfile /root/.npm/_logs/2023-05-25T02_18_06_286Z-debug-0.log
24 timing npm:load:logFile Completed in 4ms
25 timing npm:load:timers Completed in 0ms
26 timing npm:load:configScope Completed in 0ms
27 timing npm:load Completed in 19ms
28 timing arborist:ctor Completed in 0ms
29 timing idealTree:init Completed in 23ms
30 timing arborist:ctor Completed in 0ms
31 http fetch GET 200 https://registry.npmjs.org/@prisma%2fclient 60ms (cache hit)
32 timing idealTree Completed in 195ms
33 timing command:i Completed in 199ms
34 verbose type tag
35 verbose stack @prisma/client: No matching version found for @prisma/client@lates.
35 verbose stack     at module.exports (/usr/local/lib/node_modules/npm/node_modules/npm-pick-manifest/index.js:209:23)
35 verbose stack     at /usr/local/lib/node_modules/npm/node_modules/pacote/lib/registry.js:118:26
35 verbose stack     at async Arborist.[retrieveSpecName] (/usr/local/lib/node_modules/npm/node_modules/@npmcli/arborist/lib/arborist/build-ideal-tree.js:549:18)
35 verbose stack     at async /usr/local/lib/node_modules/npm/node_modules/@npmcli/arborist/lib/arborist/build-ideal-tree.js:520:20
35 verbose stack     at async Promise.all (index 0)
35 verbose stack     at async Arborist.[applyUserRequestsToNode] (/usr/local/lib/node_modules/npm/node_modules/@npmcli/arborist/lib/arborist/build-ideal-tree.js:488:7)
35 verbose stack     at async Arborist.[applyUserRequests] (/usr/local/lib/node_modules/npm/node_modules/@npmcli/arborist/lib/arborist/build-ideal-tree.js:425:7)
35 verbose stack     at async Arborist.buildIdealTree (/usr/local/lib/node_modules/npm/node_modules/@npmcli/arborist/lib/arborist/build-ideal-tree.js:214:7)
35 verbose stack     at async Promise.all (index 1)
35 verbose stack     at async Arborist.reify (/usr/local/lib/node_modules/npm/node_modules/@npmcli/arborist/lib/arborist/reify.js:152:5)
36 verbose cwd /
37 verbose Linux 5.19.0-42-generic
38 verbose argv "/usr/local/bin/node" "/usr/local/bin/npm" "i" "@prisma/client@lates"
39 verbose node v16.14.2
40 verbose npm  v8.5.0
41 error code ETARGET
42 error notarget No matching version found for @prisma/client@lates.
43 error notarget In most cases you or one of your dependencies are requesting
43 error notarget a package version that doesn't exist.
44 verbose exit 1
45 timing npm Completed in 352ms
46 verbose unfinished npm timer reify 1684981086435
47 verbose unfinished npm timer reify:loadTrees 1684981086437
48 verbose unfinished npm timer idealTree:userRequests 1684981086460
49 verbose code 1
50 error A complete log of this run can be found in:
50 error     /root/.npm/_logs/2023-05-25T02_18_06_286Z-debug-0.log
