0 verbose cli [ '/usr/local/bin/node', '/usr/local/bin/npm', 'install', 'mongodb' ]
1 info using npm@8.5.0
2 info using node@v16.14.2
3 timing npm:load:whichnode Completed in 0ms
4 timing config:load:defaults Completed in 1ms
5 timing config:load:file:/usr/local/lib/node_modules/npm/npmrc Completed in 1ms
6 timing config:load:builtin Completed in 1ms
7 timing config:load:cli Completed in 1ms
8 timing config:load:env Completed in 0ms
9 timing config:load:file:/.npmrc Completed in 0ms
10 timing config:load:project Completed in 4ms
11 timing config:load:file:/root/.npmrc Completed in 2ms
12 timing config:load:user Completed in 2ms
13 timing config:load:file:/usr/local/etc/npmrc Completed in 0ms
14 timing config:load:global Completed in 0ms
15 timing config:load:validate Completed in 0ms
16 timing config:load:credentials Completed in 1ms
17 timing config:load:setEnvs Completed in 1ms
18 timing config:load Completed in 11ms
19 timing npm:load:configload Completed in 11ms
20 timing npm:load:setTitle Completed in 0ms
21 timing config:load:flatten Completed in 2ms
22 timing npm:load:display Completed in 3ms
23 verbose logfile /root/.npm/_logs/2023-05-25T02_31_25_085Z-debug-0.log
24 timing npm:load:logFile Completed in 4ms
25 timing npm:load:timers Completed in 0ms
26 timing npm:load:configScope Completed in 0ms
27 timing npm:load Completed in 19ms
28 timing arborist:ctor Completed in 1ms
29 timing idealTree:init Completed in 19ms
30 timing idealTree:userRequests Completed in 1ms
31 silly idealTree buildDeps
32 silly fetch manifest mongodb@*
33 timing arborist:ctor Completed in 0ms
34 http fetch GET 200 https://registry.npmjs.org/mongodb 523ms (cache miss)
35 silly fetch manifest @aws-sdk/credential-providers@^3.201.0
36 http fetch GET 200 https://registry.npmjs.org/@aws-sdk%2fcredential-providers 265ms (cache miss)
37 silly fetch manifest mongodb-client-encryption@>=2.3.0 <3
38 http fetch GET 200 https://registry.npmjs.org/mongodb-client-encryption 50ms (cache miss)
39 silly fetch manifest gcp-metadata@^5.2.0
40 http fetch GET 200 https://registry.npmjs.org/gcp-metadata 64ms (cache miss)
41 silly fetch manifest snappy@^7.2.2
42 http fetch GET 200 https://registry.npmjs.org/snappy 69ms (cache miss)
43 silly placeDep ROOT mongodb@5.5.0 OK for: my-prisma-project@1.0.0 want: *
44 silly fetch manifest bson@^5.3.0
45 silly fetch manifest mongodb-connection-string-url@^2.6.0
46 silly fetch manifest socks@^2.7.1
47 silly fetch manifest saslprep@^1.0.3
48 http fetch GET 200 https://registry.npmjs.org/bson 57ms (cache miss)
49 http fetch GET 200 https://registry.npmjs.org/mongodb-connection-string-url 159ms (cache miss)
50 http fetch GET 200 https://registry.npmjs.org/socks 167ms (cache miss)
51 http fetch GET 200 https://registry.npmjs.org/saslprep 881ms (cache miss)
52 timing idealTree:#root Completed in 1884ms
53 silly placeDep ROOT bson@5.3.0 OK for: mongodb@5.5.0 want: ^5.3.0
54 silly placeDep ROOT mongodb-connection-string-url@2.6.0 OK for: mongodb@5.5.0 want: ^2.6.0
55 silly placeDep ROOT saslprep@1.0.3 OK for: mongodb@5.5.0 want: ^1.0.3
56 silly placeDep ROOT socks@2.7.1 OK for: mongodb@5.5.0 want: ^2.7.1
57 silly fetch manifest @types/whatwg-url@^8.2.1
58 silly fetch manifest whatwg-url@^11.0.0
59 silly fetch manifest sparse-bitfield@^3.0.3
60 silly fetch manifest ip@^2.0.0
61 silly fetch manifest smart-buffer@^4.2.0
62 http fetch GET 200 https://registry.npmjs.org/ip 62ms (cache miss)
63 http fetch GET 200 https://registry.npmjs.org/whatwg-url 73ms (cache miss)
64 http fetch GET 200 https://registry.npmjs.org/@types%2fwhatwg-url 93ms (cache miss)
65 http fetch GET 200 https://registry.npmjs.org/smart-buffer 134ms (cache miss)
66 http fetch GET 200 https://registry.npmjs.org/sparse-bitfield 813ms (cache miss)
67 timing idealTree:node_modules/mongodb Completed in 820ms
68 timing idealTree:node_modules/bson Completed in 0ms
69 silly placeDep ROOT @types/whatwg-url@8.2.2 OK for: mongodb-connection-string-url@2.6.0 want: ^8.2.1
70 silly placeDep ROOT whatwg-url@11.0.0 OK for: mongodb-connection-string-url@2.6.0 want: ^11.0.0
71 silly fetch manifest @types/node@*
72 silly fetch manifest @types/webidl-conversions@*
73 silly fetch manifest tr46@^3.0.0
74 silly fetch manifest webidl-conversions@^7.0.0
75 http fetch GET 200 https://registry.npmjs.org/tr46 46ms (cache miss)
76 http fetch GET 200 https://registry.npmjs.org/webidl-conversions 57ms (cache miss)
77 http fetch GET 200 https://registry.npmjs.org/@types%2fwebidl-conversions 60ms (cache miss)
78 http fetch GET 200 https://registry.npmjs.org/@types%2fnode 206ms (cache miss)
79 timing idealTree:node_modules/mongodb-connection-string-url Completed in 215ms
80 silly placeDep ROOT @types/node@20.2.3 OK for: @types/whatwg-url@8.2.2 want: *
81 silly placeDep ROOT @types/webidl-conversions@7.0.0 OK for: @types/whatwg-url@8.2.2 want: *
82 timing idealTree:node_modules/@types/whatwg-url Completed in 2ms
83 timing idealTree:node_modules/@types/node Completed in 0ms
84 timing idealTree:node_modules/@types/webidl-conversions Completed in 0ms
85 silly placeDep ROOT sparse-bitfield@3.0.3 OK for: saslprep@1.0.3 want: ^3.0.3
86 silly fetch manifest memory-pager@^1.0.2
87 http fetch GET 200 https://registry.npmjs.org/memory-pager 818ms (cache miss)
88 timing idealTree:node_modules/saslprep Completed in 820ms
89 silly placeDep ROOT ip@2.0.0 OK for: socks@2.7.1 want: ^2.0.0
90 silly placeDep ROOT smart-buffer@4.2.0 OK for: socks@2.7.1 want: ^4.2.0
91 timing idealTree:node_modules/socks Completed in 2ms
92 timing idealTree:node_modules/ip Completed in 0ms
93 timing idealTree:node_modules/smart-buffer Completed in 0ms
94 silly placeDep ROOT memory-pager@1.5.0 OK for: sparse-bitfield@3.0.3 want: ^1.0.2
95 timing idealTree:node_modules/sparse-bitfield Completed in 1ms
96 timing idealTree:node_modules/memory-pager Completed in 0ms
97 silly placeDep ROOT tr46@3.0.0 OK for: whatwg-url@11.0.0 want: ^3.0.0
98 silly placeDep ROOT webidl-conversions@7.0.0 OK for: whatwg-url@11.0.0 want: ^7.0.0
99 silly fetch manifest punycode@^2.1.1
100 http fetch GET 200 https://registry.npmjs.org/punycode 52ms (cache miss)
101 timing idealTree:node_modules/whatwg-url Completed in 55ms
102 silly placeDep ROOT punycode@2.3.0 OK for: tr46@3.0.0 want: ^2.1.1
103 timing idealTree:node_modules/tr46 Completed in 1ms
104 timing idealTree:node_modules/punycode Completed in 0ms
105 timing idealTree:node_modules/webidl-conversions Completed in 0ms
106 timing idealTree:buildDeps Completed in 3802ms
107 timing idealTree:fixDepFlags Completed in 1ms
108 timing idealTree Completed in 3823ms
109 timing reify:loadTrees Completed in 3824ms
110 timing reify:diffTrees Completed in 2ms
111 silly reify moves {}
112 timing reify:retireShallow Completed in 0ms
113 timing reify:createSparse Completed in 3ms
114 timing reify:loadBundles Completed in 0ms
115 silly audit bulk request {
115 silly audit   '@prisma/client': [ '4.14.1' ],
115 silly audit   '@prisma/engines': [ '4.14.1' ],
115 silly audit   '@prisma/engines-version': [ '4.14.0-67.d9a4c5988f480fa576d43970d5a23641aa77bc9c' ],
115 silly audit   prisma: [ '4.14.1' ],
115 silly audit   mongodb: [ '5.5.0' ],
115 silly audit   bson: [ '5.3.0' ],
115 silly audit   'mongodb-connection-string-url': [ '2.6.0' ],
115 silly audit   saslprep: [ '1.0.3' ],
115 silly audit   socks: [ '2.7.1' ],
115 silly audit   '@types/whatwg-url': [ '8.2.2' ],
115 silly audit   'whatwg-url': [ '11.0.0' ],
115 silly audit   '@types/node': [ '20.2.3' ],
115 silly audit   '@types/webidl-conversions': [ '7.0.0' ],
115 silly audit   'sparse-bitfield': [ '3.0.3' ],
115 silly audit   ip: [ '2.0.0' ],
115 silly audit   'smart-buffer': [ '4.2.0' ],
115 silly audit   'memory-pager': [ '1.5.0' ],
115 silly audit   tr46: [ '3.0.0' ],
115 silly audit   'webidl-conversions': [ '7.0.0' ],
115 silly audit   punycode: [ '2.3.0' ]
115 silly audit }
116 silly tarball no local data for punycode@https://registry.npmjs.org/punycode/-/punycode-2.3.0.tgz. Extracting by manifest.
117 silly tarball no local data for tr46@https://registry.npmjs.org/tr46/-/tr46-3.0.0.tgz. Extracting by manifest.
118 silly tarball no local data for webidl-conversions@https://registry.npmjs.org/webidl-conversions/-/webidl-conversions-7.0.0.tgz. Extracting by manifest.
119 silly tarball no local data for smart-buffer@https://registry.npmjs.org/smart-buffer/-/smart-buffer-4.2.0.tgz. Extracting by manifest.
120 silly tarball no local data for memory-pager@https://registry.npmjs.org/memory-pager/-/memory-pager-1.5.0.tgz. Extracting by manifest.
121 silly tarball no local data for ip@https://registry.npmjs.org/ip/-/ip-2.0.0.tgz. Extracting by manifest.
122 silly tarball no local data for sparse-bitfield@https://registry.npmjs.org/sparse-bitfield/-/sparse-bitfield-3.0.3.tgz. Extracting by manifest.
123 silly tarball no local data for @types/webidl-conversions@https://registry.npmjs.org/@types/webidl-conversions/-/webidl-conversions-7.0.0.tgz. Extracting by manifest.
124 silly tarball no local data for @types/node@https://registry.npmjs.org/@types/node/-/node-20.2.3.tgz. Extracting by manifest.
125 silly tarball no local data for whatwg-url@https://registry.npmjs.org/whatwg-url/-/whatwg-url-11.0.0.tgz. Extracting by manifest.
126 silly tarball no local data for @types/whatwg-url@https://registry.npmjs.org/@types/whatwg-url/-/whatwg-url-8.2.2.tgz. Extracting by manifest.
127 silly tarball no local data for socks@https://registry.npmjs.org/socks/-/socks-2.7.1.tgz. Extracting by manifest.
128 silly tarball no local data for mongodb-connection-string-url@https://registry.npmjs.org/mongodb-connection-string-url/-/mongodb-connection-string-url-2.6.0.tgz. Extracting by manifest.
129 silly tarball no local data for saslprep@https://registry.npmjs.org/saslprep/-/saslprep-1.0.3.tgz. Extracting by manifest.
130 silly tarball no local data for bson@https://registry.npmjs.org/bson/-/bson-5.3.0.tgz. Extracting by manifest.
131 silly tarball no local data for mongodb@https://registry.npmjs.org/mongodb/-/mongodb-5.5.0.tgz. Extracting by manifest.
132 http fetch GET 200 https://registry.npmjs.org/webidl-conversions/-/webidl-conversions-7.0.0.tgz 162ms (cache miss)
133 timing reifyNode:node_modules/webidl-conversions Completed in 194ms
134 http fetch GET 200 https://registry.npmjs.org/tr46/-/tr46-3.0.0.tgz 198ms (cache miss)
135 timing reifyNode:node_modules/tr46 Completed in 226ms
136 http fetch GET 200 https://registry.npmjs.org/punycode/-/punycode-2.3.0.tgz 213ms (cache miss)
137 timing reifyNode:node_modules/punycode Completed in 236ms
138 http fetch GET 200 https://registry.npmjs.org/smart-buffer/-/smart-buffer-4.2.0.tgz 203ms (cache miss)
139 timing reifyNode:node_modules/smart-buffer Completed in 239ms
140 http fetch POST 200 https://registry.npmjs.org/-/npm/v1/security/advisories/bulk 262ms
141 timing auditReport:getReport Completed in 264ms
142 silly audit report {}
143 timing auditReport:init Completed in 0ms
144 timing reify:audit Completed in 264ms
145 http fetch GET 200 https://registry.npmjs.org/memory-pager/-/memory-pager-1.5.0.tgz 262ms (cache miss)
146 timing reifyNode:node_modules/memory-pager Completed in 302ms
147 http fetch GET 200 https://registry.npmjs.org/ip/-/ip-2.0.0.tgz 295ms (cache miss)
148 timing reifyNode:node_modules/ip Completed in 341ms
149 http fetch GET 200 https://registry.npmjs.org/whatwg-url/-/whatwg-url-11.0.0.tgz 286ms (cache miss)
150 timing reifyNode:node_modules/whatwg-url Completed in 353ms
151 http fetch GET 200 https://registry.npmjs.org/sparse-bitfield/-/sparse-bitfield-3.0.3.tgz 328ms (cache miss)
152 timing reifyNode:node_modules/sparse-bitfield Completed in 377ms
153 http fetch GET 200 https://registry.npmjs.org/mongodb-connection-string-url/-/mongodb-connection-string-url-2.6.0.tgz 319ms (cache miss)
154 timing reifyNode:node_modules/mongodb-connection-string-url Completed in 403ms
155 http fetch GET 200 https://registry.npmjs.org/saslprep/-/saslprep-1.0.3.tgz 349ms (cache miss)
156 timing reifyNode:node_modules/saslprep Completed in 435ms
157 http fetch GET 200 https://registry.npmjs.org/socks/-/socks-2.7.1.tgz 367ms (cache miss)
158 timing reifyNode:node_modules/socks Completed in 448ms
159 http fetch GET 200 https://registry.npmjs.org/bson/-/bson-5.3.0.tgz 397ms (cache miss)
160 timing reifyNode:node_modules/bson Completed in 486ms
161 http fetch GET 200 https://registry.npmjs.org/@types/node/-/node-20.2.3.tgz 532ms (cache miss)
162 timing reifyNode:node_modules/@types/node Completed in 594ms
163 http fetch GET 200 https://registry.npmjs.org/mongodb/-/mongodb-5.5.0.tgz 524ms (cache miss)
164 timing reifyNode:node_modules/mongodb Completed in 614ms
165 http fetch GET 200 https://registry.npmjs.org/@types/whatwg-url/-/whatwg-url-8.2.2.tgz 964ms (cache miss)
166 timing reifyNode:node_modules/@types/whatwg-url Completed in 1035ms
167 http fetch GET 200 https://registry.npmjs.org/@types/webidl-conversions/-/webidl-conversions-7.0.0.tgz 992ms (cache miss)
168 timing reifyNode:node_modules/@types/webidl-conversions Completed in 1045ms
169 timing reify:unpack Completed in 1046ms
170 timing reify:unretire Completed in 0ms
171 timing build:queue Completed in 0ms
172 timing build:deps Completed in 0ms
173 timing build Completed in 1ms
174 timing reify:build Completed in 2ms
175 timing reify:trash Completed in 0ms
176 timing reify:save Completed in 6ms
177 timing reify Completed in 4890ms
178 silly ADD node_modules/punycode
179 silly ADD node_modules/webidl-conversions
180 silly ADD node_modules/tr46
181 silly ADD node_modules/memory-pager
182 silly ADD node_modules/smart-buffer
183 silly ADD node_modules/ip
184 silly ADD node_modules/sparse-bitfield
185 silly ADD node_modules/@types/webidl-conversions
186 silly ADD node_modules/@types/node
187 silly ADD node_modules/whatwg-url
188 silly ADD node_modules/@types/whatwg-url
189 silly ADD node_modules/socks
190 silly ADD node_modules/saslprep
191 silly ADD node_modules/mongodb-connection-string-url
192 silly ADD node_modules/bson
193 silly ADD node_modules/mongodb
194 timing command:install Completed in 4894ms
195 verbose exit 0
196 timing npm Completed in 5041ms
197 info ok
