0 verbose cli [
0 verbose cli   '/usr/local/bin/node',
0 verbose cli   '/usr/local/bin/npm',
0 verbose cli   'i',
0 verbose cli   '--save-dev',
0 verbose cli   'prisma@latest'
0 verbose cli ]
1 info using npm@8.5.0
2 info using node@v16.14.2
3 timing npm:load:whichnode Completed in 0ms
4 timing config:load:defaults Completed in 1ms
5 timing config:load:file:/usr/local/lib/node_modules/npm/npmrc Completed in 0ms
6 timing config:load:builtin Completed in 0ms
7 timing config:load:cli Completed in 2ms
8 timing config:load:env Completed in 0ms
9 timing config:load:file:/.npmrc Completed in 2ms
10 timing config:load:project Completed in 5ms
11 timing config:load:file:/root/.npmrc Completed in 0ms
12 timing config:load:user Completed in 0ms
13 timing config:load:file:/usr/local/etc/npmrc Completed in 0ms
14 timing config:load:global Completed in 0ms
15 timing config:load:validate Completed in 0ms
16 timing config:load:credentials Completed in 1ms
17 timing config:load:setEnvs Completed in 1ms
18 timing config:load Completed in 11ms
19 timing npm:load:configload Completed in 12ms
20 timing npm:load:setTitle Completed in 0ms
21 timing config:load:flatten Completed in 2ms
22 timing npm:load:display Completed in 3ms
23 verbose logfile /root/.npm/_logs/2023-05-25T02_13_41_971Z-debug-0.log
24 timing npm:load:logFile Completed in 4ms
25 timing npm:load:timers Completed in 0ms
26 timing npm:load:configScope Completed in 0ms
27 timing npm:load Completed in 19ms
28 timing arborist:ctor Completed in 1ms
29 silly logfile start cleaning logs, removing 1 files
30 timing idealTree:init Completed in 19ms
31 verbose shrinkwrap failed to load node_modules/.package-lock.json out of date, updated: node_modules
32 http fetch GET 200 https://registry.npmjs.org/prisma 59ms (cache hit)
33 timing idealTree:userRequests Completed in 147ms
34 silly idealTree buildDeps
35 silly fetch manifest prisma@4.14.1
36 silly placeDep ROOT prisma@4.14.1 REPLACE for: my-prisma-project@1.0.0 want: 4.14.1
37 silly fetch manifest @prisma/engines@4.14.1
38 http fetch GET 200 https://registry.npmjs.org/@prisma%2fengines 1696ms (cache miss)
39 timing idealTree:#root Completed in 1720ms
40 silly placeDep ROOT @prisma/engines@4.14.1 OK for: prisma@4.14.1 want: 4.14.1
41 timing idealTree:node_modules/prisma Completed in 2ms
42 timing idealTree:node_modules/@prisma/engines Completed in 0ms
43 timing idealTree:buildDeps Completed in 1724ms
44 timing idealTree:fixDepFlags Completed in 0ms
45 timing idealTree Completed in 1891ms
46 timing reify:loadTrees Completed in 1892ms
47 timing reify:diffTrees Completed in 1ms
48 silly reify mark retired [
48 silly reify   '/node_modules/prisma',
48 silly reify   '/node_modules/.bin/prisma',
48 silly reify   '/node_modules/.bin/prisma2'
48 silly reify ]
49 silly reify mark retired [ '/node_modules/@prisma/engines' ]
50 silly reify moves {
50 silly reify   '/node_modules/prisma': '/node_modules/.prisma-niIxmpxw',
50 silly reify   '/node_modules/.bin/prisma': '/node_modules/.bin/.prisma-dqrGOslZ',
50 silly reify   '/node_modules/.bin/prisma2': '/node_modules/.bin/.prisma2-tZXc5lcz',
50 silly reify   '/node_modules/@prisma/engines': '/node_modules/@prisma/.engines-fqhPTsJ0'
50 silly reify }
51 timing reify:retireShallow Completed in 2276ms
52 timing reify:createSparse Completed in 1ms
53 timing reify:loadBundles Completed in 0ms
54 silly audit bulk request {
54 silly audit   '@prisma/client': [ '3.12.0' ],
54 silly audit   '@prisma/engines-version': [ '3.12.0-37.22b822189f46ef0dc5c5b503368d1bee01213980' ],
54 silly audit   prisma: [ '4.14.1' ],
54 silly audit   '@prisma/engines': [ '4.14.1' ]
54 silly audit }
55 silly tarball no local data for @prisma/engines@https://registry.npmjs.org/@prisma/engines/-/engines-4.14.1.tgz. Extracting by manifest.
56 silly tarball no local data for prisma@https://registry.npmjs.org/prisma/-/prisma-4.14.1.tgz. Extracting by manifest.
57 http fetch POST 200 https://registry.npmjs.org/-/npm/v1/security/advisories/bulk 244ms
58 timing auditReport:getReport Completed in 245ms
59 silly audit report {}
60 timing auditReport:init Completed in 0ms
61 timing reify:audit Completed in 246ms
62 http fetch GET 200 https://registry.npmjs.org/prisma/-/prisma-4.14.1.tgz 442ms (cache miss)
63 timing reifyNode:node_modules/prisma Completed in 451ms
64 http fetch GET 200 https://registry.npmjs.org/@prisma/engines/-/engines-4.14.1.tgz 1035ms (cache miss)
65 timing reifyNode:node_modules/@prisma/engines Completed in 1042ms
66 timing reify:unpack Completed in 1042ms
67 timing reify:unretire Completed in 0ms
68 timing build:queue Completed in 1ms
69 info run prisma@4.14.1 preinstall node_modules/prisma node scripts/preinstall-entry.js
70 info run prisma@4.14.1 preinstall { code: 0, signal: null }
71 timing build:run:preinstall:node_modules/prisma Completed in 43ms
72 timing build:run:preinstall Completed in 43ms
73 timing build:link:node_modules/prisma Completed in 2ms
74 timing build:link Completed in 2ms
75 info run @prisma/engines@4.14.1 postinstall node_modules/@prisma/engines node scripts/postinstall.js
76 info run @prisma/engines@4.14.1 postinstall { code: 0, signal: null }
77 timing build:run:postinstall:node_modules/@prisma/engines Completed in 1827ms
78 timing build:run:postinstall Completed in 1827ms
79 timing build:deps Completed in 1874ms
80 timing build Completed in 1874ms
81 timing reify:build Completed in 1874ms
82 timing reify:trash Completed in 24ms
83 timing reify:save Completed in 8ms
84 timing reify Completed in 7128ms
85 silly CHANGE node_modules/@prisma/engines
86 silly CHANGE node_modules/prisma
87 timing command:i Completed in 7136ms
88 verbose exit 0
89 timing npm Completed in 7282ms
90 info ok
