0 verbose cli [
0 verbose cli   '/usr/local/bin/node',
0 verbose cli   '/usr/local/bin/npm',
0 verbose cli   'i',
0 verbose cli   '@prisma/client@latest'
0 verbose cli ]
1 info using npm@8.5.0
2 info using node@v16.14.2
3 timing npm:load:whichnode Completed in 0ms
4 timing config:load:defaults Completed in 1ms
5 timing config:load:file:/usr/local/lib/node_modules/npm/npmrc Completed in 1ms
6 timing config:load:builtin Completed in 1ms
7 timing config:load:cli Completed in 1ms
8 timing config:load:env Completed in 0ms
9 timing config:load:file:/.npmrc Completed in 1ms
10 timing config:load:project Completed in 5ms
11 timing config:load:file:/root/.npmrc Completed in 0ms
12 timing config:load:user Completed in 0ms
13 timing config:load:file:/usr/local/etc/npmrc Completed in 0ms
14 timing config:load:global Completed in 0ms
15 timing config:load:validate Completed in 0ms
16 timing config:load:credentials Completed in 1ms
17 timing config:load:setEnvs Completed in 1ms
18 timing config:load Completed in 11ms
19 timing npm:load:configload Completed in 11ms
20 timing npm:load:setTitle Completed in 0ms
21 timing config:load:flatten Completed in 2ms
22 timing npm:load:display Completed in 3ms
23 verbose logfile /root/.npm/_logs/2023-05-25T02_13_54_568Z-debug-0.log
24 timing npm:load:logFile Completed in 3ms
25 timing npm:load:timers Completed in 0ms
26 timing npm:load:configScope Completed in 0ms
27 timing npm:load Completed in 18ms
28 timing arborist:ctor Completed in 0ms
29 silly logfile start cleaning logs, removing 1 files
30 timing idealTree:init Completed in 23ms
31 timing arborist:ctor Completed in 0ms
32 http fetch GET 200 https://registry.npmjs.org/@prisma%2fclient 145ms (cache hit)
33 timing idealTree:userRequests Completed in 260ms
34 silly idealTree buildDeps
35 silly fetch manifest @prisma/client@4.14.1
36 silly fetch manifest prisma@^4.14.1
37 http fetch GET 200 https://registry.npmjs.org/prisma 38ms (cache hit)
38 silly placeDep ROOT @prisma/client@4.14.1 REPLACE for: my-prisma-project@1.0.0 want: 4.14.1
39 silly fetch manifest @prisma/engines-version@4.14.0-67.d9a4c5988f480fa576d43970d5a23641aa77bc9c
40 http fetch GET 200 https://registry.npmjs.org/@prisma%2fengines-version 11ms (cache hit)
41 timing idealTree:#root Completed in 139ms
42 silly placeDep ROOT @prisma/engines-version@4.14.0-67.d9a4c5988f480fa576d43970d5a23641aa77bc9c OK for: @prisma/client@4.14.1 want: 4.14.0-67.d9a4c5988f480fa576d43970d5a23641aa77bc9c
43 timing idealTree:node_modules/@prisma/client Completed in 14ms
44 timing idealTree:node_modules/@prisma/engines-version Completed in 0ms
45 timing idealTree:buildDeps Completed in 155ms
46 timing idealTree:fixDepFlags Completed in 1ms
47 timing idealTree Completed in 440ms
48 timing reify:loadTrees Completed in 440ms
49 timing reify:diffTrees Completed in 2ms
50 silly reify mark retired [ '/node_modules/@prisma/client' ]
51 silly reify mark retired [ '/node_modules/@prisma/engines-version' ]
52 silly reify moves {
52 silly reify   '/node_modules/@prisma/client': '/node_modules/@prisma/.client-fMKkuqRy',
52 silly reify   '/node_modules/@prisma/engines-version': '/node_modules/@prisma/.engines-version-y4C7sCJR'
52 silly reify }
53 timing reify:retireShallow Completed in 2ms
54 timing reify:createSparse Completed in 1ms
55 timing reify:loadBundles Completed in 0ms
56 silly audit bulk request {
56 silly audit   '@prisma/engines': [ '4.14.1' ],
56 silly audit   prisma: [ '4.14.1' ],
56 silly audit   '@prisma/client': [ '4.14.1' ],
56 silly audit   '@prisma/engines-version': [ '4.14.0-67.d9a4c5988f480fa576d43970d5a23641aa77bc9c' ]
56 silly audit }
57 silly tarball no local data for @prisma/engines-version@https://registry.npmjs.org/@prisma/engines-version/-/engines-version-4.14.0-67.d9a4c5988f480fa576d43970d5a23641aa77bc9c.tgz. Extracting by manifest.
58 silly tarball no local data for @prisma/client@https://registry.npmjs.org/@prisma/client/-/client-4.14.1.tgz. Extracting by manifest.
59 http fetch POST 200 https://registry.npmjs.org/-/npm/v1/security/advisories/bulk 347ms
60 timing auditReport:getReport Completed in 348ms
61 silly audit report {}
62 timing auditReport:init Completed in 0ms
63 timing reify:audit Completed in 349ms
64 http fetch GET 200 https://registry.npmjs.org/@prisma/engines-version/-/engines-version-4.14.0-67.d9a4c5988f480fa576d43970d5a23641aa77bc9c.tgz 1155ms (cache miss)
65 timing reifyNode:node_modules/@prisma/engines-version Completed in 1173ms
66 http fetch GET 200 https://registry.npmjs.org/@prisma/client/-/client-4.14.1.tgz 1273ms (cache miss)
67 timing reifyNode:node_modules/@prisma/client Completed in 1294ms
68 timing reify:unpack Completed in 1295ms
69 timing reify:unretire Completed in 0ms
70 timing build:queue Completed in 4ms
71 info run @prisma/client@4.14.1 postinstall node_modules/@prisma/client node scripts/postinstall.js
72 info run @prisma/client@4.14.1 postinstall { code: 0, signal: null }
73 timing build:run:postinstall:node_modules/@prisma/client Completed in 2246ms
74 timing build:run:postinstall Completed in 2247ms
75 timing build:deps Completed in 2251ms
76 timing build Completed in 2251ms
77 timing reify:build Completed in 2251ms
78 timing reify:trash Completed in 7ms
79 timing reify:save Completed in 9ms
80 timing reify Completed in 4020ms
81 silly CHANGE node_modules/@prisma/engines-version
82 silly CHANGE node_modules/@prisma/client
83 timing command:i Completed in 4026ms
84 verbose exit 0
85 timing npm Completed in 4174ms
86 info ok
