0 verbose cli [
0 verbose cli   '/usr/local/bin/node',
0 verbose cli   '/usr/local/bin/npm',
0 verbose cli   'i',
0 verbose cli   '@prisma/client@latest'
0 verbose cli ]
1 info using npm@8.5.0
2 info using node@v16.14.2
3 timing npm:load:whichnode Completed in 0ms
4 timing config:load:defaults Completed in 1ms
5 timing config:load:file:/usr/local/lib/node_modules/npm/npmrc Completed in 0ms
6 timing config:load:builtin Completed in 1ms
7 timing config:load:cli Completed in 1ms
8 timing config:load:env Completed in 0ms
9 timing config:load:file:/.npmrc Completed in 0ms
10 timing config:load:project Completed in 5ms
11 timing config:load:file:/root/.npmrc Completed in 0ms
12 timing config:load:user Completed in 0ms
13 timing config:load:file:/usr/local/etc/npmrc Completed in 0ms
14 timing config:load:global Completed in 0ms
15 timing config:load:validate Completed in 0ms
16 timing config:load:credentials Completed in 1ms
17 timing config:load:setEnvs Completed in 0ms
18 timing config:load Completed in 10ms
19 timing npm:load:configload Completed in 10ms
20 timing npm:load:setTitle Completed in 1ms
21 timing config:load:flatten Completed in 2ms
22 timing npm:load:display Completed in 3ms
23 verbose logfile /root/.npm/_logs/2023-05-25T02_14_11_439Z-debug-0.log
24 timing npm:load:logFile Completed in 3ms
25 timing npm:load:timers Completed in 0ms
26 timing npm:load:configScope Completed in 0ms
27 timing npm:load Completed in 19ms
28 timing arborist:ctor Completed in 1ms
29 silly logfile start cleaning logs, removing 1 files
30 timing idealTree:init Completed in 21ms
31 timing arborist:ctor Completed in 0ms
32 http fetch GET 200 https://registry.npmjs.org/@prisma%2fclient 56ms (cache hit)
33 timing idealTree:userRequests Completed in 165ms
34 silly idealTree buildDeps
35 silly fetch manifest @prisma/client@4.14.1
36 silly fetch manifest prisma@^4.14.1
37 http fetch GET 200 https://registry.npmjs.org/prisma 48ms (cache hit)
38 silly placeDep ROOT @prisma/client@4.14.1 REPLACE for: my-prisma-project@1.0.0 want: 4.14.1
39 timing idealTree:#root Completed in 105ms
40 timing idealTree:node_modules/@prisma/client Completed in 0ms
41 timing idealTree:buildDeps Completed in 107ms
42 timing idealTree:fixDepFlags Completed in 0ms
43 timing idealTree Completed in 293ms
44 timing reify:loadTrees Completed in 294ms
45 timing reify:diffTrees Completed in 1ms
46 silly reify moves {}
47 timing reify:retireShallow Completed in 0ms
48 timing reify:createSparse Completed in 1ms
49 timing reify:loadBundles Completed in 0ms
50 silly audit bulk request {
50 silly audit   '@prisma/engines': [ '4.14.1' ],
50 silly audit   '@prisma/engines-version': [ '4.14.0-67.d9a4c5988f480fa576d43970d5a23641aa77bc9c' ],
50 silly audit   prisma: [ '4.14.1' ],
50 silly audit   '@prisma/client': [ '4.14.1' ]
50 silly audit }
51 timing reify:unpack Completed in 1ms
52 timing reify:unretire Completed in 0ms
53 timing build:queue Completed in 0ms
54 timing build:deps Completed in 1ms
55 timing build Completed in 1ms
56 timing reify:build Completed in 1ms
57 timing reify:trash Completed in 0ms
58 timing reify:save Completed in 11ms
59 http fetch POST 200 https://registry.npmjs.org/-/npm/v1/security/advisories/bulk 349ms
60 timing auditReport:getReport Completed in 351ms
61 silly audit report {}
62 timing auditReport:init Completed in 0ms
63 timing reify:audit Completed in 351ms
64 timing reify Completed in 651ms
65 timing command:i Completed in 655ms
66 verbose exit 0
67 timing npm Completed in 799ms
68 info ok
