0 verbose cli [
0 verbose cli   '/usr/local/bin/node',
0 verbose cli   '/usr/local/bin/npm',
0 verbose cli   'install',
0 verbose cli   '@prisma/client@3.12.0'
0 verbose cli ]
1 info using npm@8.5.0
2 info using node@v16.14.2
3 timing npm:load:whichnode Completed in 0ms
4 timing config:load:defaults Completed in 2ms
5 timing config:load:file:/usr/local/lib/node_modules/npm/npmrc Completed in 0ms
6 timing config:load:builtin Completed in 1ms
7 timing config:load:cli Completed in 1ms
8 timing config:load:env Completed in 0ms
9 timing config:load:file:/.npmrc Completed in 3ms
10 timing config:load:project Completed in 5ms
11 timing config:load:file:/root/.npmrc Completed in 0ms
12 timing config:load:user Completed in 1ms
13 timing config:load:file:/usr/local/etc/npmrc Completed in 2ms
14 timing config:load:global Completed in 2ms
15 timing config:load:validate Completed in 1ms
16 timing config:load:credentials Completed in 1ms
17 timing config:load:setEnvs Completed in 0ms
18 timing config:load Completed in 14ms
19 timing npm:load:configload Completed in 14ms
20 timing npm:load:setTitle Completed in 1ms
21 timing config:load:flatten Completed in 2ms
22 timing npm:load:display Completed in 3ms
23 verbose logfile /root/.npm/_logs/2023-05-25T02_17_38_036Z-debug-0.log
24 timing npm:load:logFile Completed in 5ms
25 timing npm:load:timers Completed in 0ms
26 timing npm:load:configScope Completed in 0ms
27 timing npm:load Completed in 23ms
28 timing arborist:ctor Completed in 1ms
29 timing arborist:ctor Completed in 0ms
30 verbose shrinkwrap failed to load node_modules/.package-lock.json out of date, updated: node_modules
31 verbose shrinkwrap failed to load node_modules/.package-lock.json out of date, updated: node_modules
32 timing idealTree:init Completed in 18ms
33 timing idealTree:userRequests Completed in 2ms
34 silly idealTree buildDeps
35 silly fetch manifest @prisma/client@3.12.0
36 http fetch GET 200 https://registry.npmjs.org/@prisma%2fclient 1121ms (cache miss)
37 silly fetch manifest prisma@*
38 http fetch GET 200 https://registry.npmjs.org/prisma 439ms (cache miss)
39 silly placeDep ROOT @prisma/client@3.12.0 OK for: my-prisma-project@1.0.0 want: 3.12.0
40 silly fetch manifest @prisma/engines-version@3.12.0-37.22b822189f46ef0dc5c5b503368d1bee01213980
41 http fetch GET 200 https://registry.npmjs.org/@prisma%2fengines-version 1918ms (cache miss)
42 timing idealTree:#root Completed in 3684ms
43 silly placeDep ROOT @prisma/engines-version@3.12.0-37.22b822189f46ef0dc5c5b503368d1bee01213980 OK for: @prisma/client@3.12.0 want: 3.12.0-37.22b822189f46ef0dc5c5b503368d1bee01213980
44 timing idealTree:node_modules/@prisma/client Completed in 1ms
45 timing idealTree:node_modules/@prisma/engines-version Completed in 0ms
46 timing idealTree:buildDeps Completed in 3687ms
47 timing idealTree:fixDepFlags Completed in 0ms
48 timing idealTree Completed in 3709ms
49 timing reify:loadTrees Completed in 3709ms
50 timing reify:diffTrees Completed in 1ms
51 silly reify moves {}
52 timing reify:retireShallow Completed in 1ms
53 timing reify:createSparse Completed in 1ms
54 timing reify:loadBundles Completed in 0ms
55 silly audit bulk request {
55 silly audit   prisma: [ '3.12.0' ],
55 silly audit   '@prisma/engines': [ '3.12.0-37.22b822189f46ef0dc5c5b503368d1bee01213980' ],
55 silly audit   '@prisma/client': [ '3.12.0' ],
55 silly audit   '@prisma/engines-version': [ '3.12.0-37.22b822189f46ef0dc5c5b503368d1bee01213980' ]
55 silly audit }
56 silly tarball no local data for @prisma/engines-version@https://registry.npmjs.org/@prisma/engines-version/-/engines-version-3.12.0-37.22b822189f46ef0dc5c5b503368d1bee01213980.tgz. Extracting by manifest.
57 silly tarball no local data for @prisma/client@https://registry.npmjs.org/@prisma/client/-/client-3.12.0.tgz. Extracting by manifest.
58 http fetch POST 200 https://registry.npmjs.org/-/npm/v1/security/advisories/bulk 236ms
59 timing auditReport:getReport Completed in 237ms
60 silly audit report {}
61 timing auditReport:init Completed in 0ms
62 timing reify:audit Completed in 238ms
63 http fetch GET 200 https://registry.npmjs.org/@prisma/engines-version/-/engines-version-3.12.0-37.22b822189f46ef0dc5c5b503368d1bee01213980.tgz 921ms (cache miss)
64 timing reifyNode:node_modules/@prisma/engines-version Completed in 926ms
65 http fetch GET 200 https://registry.npmjs.org/@prisma/client/-/client-3.12.0.tgz 1085ms (cache miss)
66 timing reifyNode:node_modules/@prisma/client Completed in 1093ms
67 timing reify:unpack Completed in 1093ms
68 timing reify:unretire Completed in 0ms
69 timing build:queue Completed in 7ms
70 info run @prisma/client@3.12.0 postinstall node_modules/@prisma/client node scripts/postinstall.js
71 info run @prisma/client@3.12.0 postinstall { code: 0, signal: null }
72 timing build:run:postinstall:node_modules/@prisma/client Completed in 48ms
73 timing build:run:postinstall Completed in 48ms
74 timing build:deps Completed in 56ms
75 timing build Completed in 57ms
76 timing reify:build Completed in 58ms
77 timing reify:trash Completed in 0ms
78 timing reify:save Completed in 5ms
79 timing reify Completed in 4887ms
80 silly ADD node_modules/@prisma/engines-version
81 silly ADD node_modules/@prisma/client
82 timing command:install Completed in 4893ms
83 verbose exit 0
84 timing npm Completed in 5087ms
85 info ok
