0 verbose cli [
0 verbose cli   '/usr/local/bin/node',
0 verbose cli   '/usr/local/bin/npm',
0 verbose cli   'i',
0 verbose cli   '--save-dev',
0 verbose cli   'prisma@latest'
0 verbose cli ]
1 info using npm@8.5.0
2 info using node@v16.14.2
3 timing npm:load:whichnode Completed in 0ms
4 timing config:load:defaults Completed in 1ms
5 timing config:load:file:/usr/local/lib/node_modules/npm/npmrc Completed in 1ms
6 timing config:load:builtin Completed in 1ms
7 timing config:load:cli Completed in 1ms
8 timing config:load:env Completed in 1ms
9 timing config:load:file:/.npmrc Completed in 0ms
10 timing config:load:project Completed in 6ms
11 timing config:load:file:/root/.npmrc Completed in 0ms
12 timing config:load:user Completed in 0ms
13 timing config:load:file:/usr/local/etc/npmrc Completed in 0ms
14 timing config:load:global Completed in 0ms
15 timing config:load:validate Completed in 0ms
16 timing config:load:credentials Completed in 1ms
17 timing config:load:setEnvs Completed in 1ms
18 timing config:load Completed in 12ms
19 timing npm:load:configload Completed in 12ms
20 timing npm:load:setTitle Completed in 0ms
21 timing config:load:flatten Completed in 2ms
22 timing npm:load:display Completed in 3ms
23 verbose logfile /root/.npm/_logs/2023-05-25T02_55_38_088Z-debug-0.log
24 timing npm:load:logFile Completed in 4ms
25 timing npm:load:timers Completed in 0ms
26 timing npm:load:configScope Completed in 0ms
27 timing npm:load Completed in 19ms
28 timing arborist:ctor Completed in 1ms
29 timing idealTree:init Completed in 18ms
30 verbose shrinkwrap failed to load node_modules/.package-lock.json out of date, updated: node_modules
31 http fetch GET 200 https://registry.npmjs.org/prisma 48ms (cache hit)
32 timing idealTree:userRequests Completed in 128ms
33 silly idealTree buildDeps
34 silly fetch manifest prisma@4.14.1
35 silly placeDep ROOT prisma@4.14.1 REPLACE for: my-prisma-project@1.0.0 want: 4.14.1
36 silly fetch manifest @prisma/engines@4.14.1
37 http fetch GET 200 https://registry.npmjs.org/@prisma%2fengines 700ms (cache miss)
38 timing idealTree:#root Completed in 724ms
39 silly placeDep ROOT @prisma/engines@4.14.1 OK for: prisma@4.14.1 want: 4.14.1
40 timing idealTree:node_modules/prisma Completed in 2ms
41 timing idealTree:node_modules/@prisma/engines Completed in 0ms
42 timing idealTree:buildDeps Completed in 727ms
43 timing idealTree:fixDepFlags Completed in 0ms
44 timing idealTree Completed in 874ms
45 timing reify:loadTrees Completed in 875ms
46 timing reify:diffTrees Completed in 1ms
47 silly reify mark retired [
47 silly reify   '/node_modules/prisma',
47 silly reify   '/node_modules/.bin/prisma',
47 silly reify   '/node_modules/.bin/prisma2'
47 silly reify ]
48 silly reify mark retired [ '/node_modules/@prisma/engines' ]
49 silly reify moves {
49 silly reify   '/node_modules/prisma': '/node_modules/.prisma-niIxmpxw',
49 silly reify   '/node_modules/.bin/prisma': '/node_modules/.bin/.prisma-dqrGOslZ',
49 silly reify   '/node_modules/.bin/prisma2': '/node_modules/.bin/.prisma2-tZXc5lcz',
49 silly reify   '/node_modules/@prisma/engines': '/node_modules/@prisma/.engines-fqhPTsJ0'
49 silly reify }
50 timing reify:retireShallow Completed in 2246ms
51 timing reify:createSparse Completed in 1ms
52 timing reify:loadBundles Completed in 0ms
53 silly audit bulk request {
53 silly audit   '@prisma/client': [ '3.12.0' ],
53 silly audit   '@prisma/engines-version': [ '3.12.0-37.22b822189f46ef0dc5c5b503368d1bee01213980' ],
53 silly audit   prisma: [ '4.14.1' ],
53 silly audit   '@prisma/engines': [ '4.14.1' ]
53 silly audit }
54 silly tarball no local data for @prisma/engines@https://registry.npmjs.org/@prisma/engines/-/engines-4.14.1.tgz. Extracting by manifest.
55 silly tarball no local data for prisma@https://registry.npmjs.org/prisma/-/prisma-4.14.1.tgz. Extracting by manifest.
56 http fetch POST 200 https://registry.npmjs.org/-/npm/v1/security/advisories/bulk 249ms
57 timing auditReport:getReport Completed in 250ms
58 silly audit report {}
59 timing auditReport:init Completed in 0ms
60 timing reify:audit Completed in 250ms
61 http fetch GET 200 https://registry.npmjs.org/@prisma/engines/-/engines-4.14.1.tgz 296ms (cache miss)
62 timing reifyNode:node_modules/@prisma/engines Completed in 302ms
63 http fetch GET 200 https://registry.npmjs.org/prisma/-/prisma-4.14.1.tgz 459ms (cache miss)
64 timing reifyNode:node_modules/prisma Completed in 470ms
65 timing reify:unpack Completed in 470ms
66 timing reify:unretire Completed in 0ms
67 timing build:queue Completed in 0ms
68 info run prisma@4.14.1 preinstall node_modules/prisma node scripts/preinstall-entry.js
69 info run prisma@4.14.1 preinstall { code: 0, signal: null }
70 timing build:run:preinstall:node_modules/prisma Completed in 56ms
71 timing build:run:preinstall Completed in 56ms
72 timing build:link:node_modules/prisma Completed in 2ms
73 timing build:link Completed in 2ms
74 info run @prisma/engines@4.14.1 postinstall node_modules/@prisma/engines node scripts/postinstall.js
75 info run @prisma/engines@4.14.1 postinstall { code: 0, signal: null }
76 timing build:run:postinstall:node_modules/@prisma/engines Completed in 2650ms
77 timing build:run:postinstall Completed in 2650ms
78 timing build:deps Completed in 2709ms
79 timing build Completed in 2710ms
80 timing reify:build Completed in 2710ms
81 timing reify:trash Completed in 22ms
82 timing reify:save Completed in 5ms
83 timing reify Completed in 6338ms
84 silly CHANGE node_modules/@prisma/engines
85 silly CHANGE node_modules/prisma
86 timing command:i Completed in 6342ms
87 verbose exit 0
88 timing npm Completed in 6490ms
89 info ok
